This is pdfTeX, Version 3.141592653-2.6-1.40.22 (TeX Live 2021) (preloaded format=pdflatex 2021.4.11)  13 APR 2021 08:58
entering extended mode
 restricted \write18 enabled.
 %&-line parsing enabled.
**skeleton.tex
(./skeleton.tex
LaTeX2e <2020-10-01> patch level 4
L3 programming layer <2021-02-18> (/Users/joey/Library/TinyTeX/texmf-dist/tex/l
atex/koma-script/scrartcl.cls
Document Class: scrartcl 2021/03/17 v3.33 KOMA-Script document class (article)
(/Users/joey/Library/TinyTeX/texmf-dist/tex/latex/koma-script/scrkbase.sty
Package: scrkbase 2021/03/17 v3.33 KOMA-Script package (KOMA-Script-dependent b
asics and keyval usage)
(/Users/joey/Library/TinyTeX/texmf-dist/tex/latex/koma-script/scrbase.sty
Package: scrbase 2021/03/17 v3.33 KOMA-Script package (KOMA-Script-independent 
basics and keyval usage)
(/Users/joey/Library/TinyTeX/texmf-dist/tex/latex/koma-script/scrlfile.sty
Package: scrlfile 2021/03/17 v3.33 KOMA-Script package (file load hooks)

(/Users/joey/Library/TinyTeX/texmf-dist/tex/latex/koma-script/scrlfile-hook.sty
Package: scrlfile-hook 2021/03/17 v3.33 KOMA-Script package (using LaTeX hooks)


LaTeX3 Info: Defining command \BeforeFile with sig. 'm' on line 61.


LaTeX3 Info: Defining command \AfterFile with sig. 'm' on line 65.


LaTeX3 Info: Defining command \BeforeClass with sig. 'm' on line 69.


LaTeX3 Info: Defining command \BeforePackage with sig. 'm' on line 73.


LaTeX3 Info: Defining command \AfterAtEndOfClass with sig. 'smo+m' on line 83.


LaTeX3 Info: Defining command \AfterAtEndOfPackage with sig. 'smo+m' on line
(LaTeX3)     93.


LaTeX3 Info: Defining command \scrlfile@AfterClass with sig. 'smo+m' on line
(LaTeX3)     173.


LaTeX3 Info: Defining command \AfterClass with sig. '' on line 174.


LaTeX3 Info: Defining command \scrlfile@AfterPackage with sig. 'smo+m' on line
(LaTeX3)     191.


LaTeX3 Info: Defining command \AfterPackage with sig. '' on line 192.


LaTeX3 Info: Defining command \ReplaceInput with sig. '' on line 193.


LaTeX3 Info: Defining command \ReplaceClass with sig. 'mm' on line 196.


LaTeX3 Info: Defining command \ReplacePackage with sig. 'mm' on line 199.


LaTeX3 Info: Defining command \UnReplaceInput with sig. '' on line 200.


LaTeX3 Info: Defining command \UnReplaceClass with sig. 'm' on line 203.


LaTeX3 Info: Defining command \UnReplacePackage with sig. 'mm' on line 206.


LaTeX3 Info: Defining command \PreventPackageFromLoading with sig. 's+om' on
(LaTeX3)     line 234.


LaTeX3 Info: Defining command \StorePreventPackageFromLoading with sig. 'm' on
(LaTeX3)     line 242.


LaTeX3 Info: Defining command \ResetPreventPackageFromLoading with sig. '' on
(LaTeX3)     line 247.


LaTeX3 Info: Defining command \UnPreventPackageFromLoading with sig. 'sm' on
(LaTeX3)     line 261.


LaTeX3 Info: Defining command \BeforeClosingMainAux with sig. 'om' on line
(LaTeX3)     274.


LaTeX3 Info: Defining command \AfterReadingMainAux with sig. 'om' on line 287.


LaTeX3 Info: Defining command \protected@immediate@write with sig. 'm+m+m' on
(LaTeX3)     line 298.

(/Users/joey/Library/TinyTeX/texmf-dist/tex/latex/koma-script/scrlogo.sty
Package: scrlogo 2021/03/17 v3.33 KOMA-Script package (logo)
))) (/Users/joey/Library/TinyTeX/texmf-dist/tex/latex/graphics/keyval.sty
Package: keyval 2014/10/28 v1.15 key=value parser (DPC)
\KV@toks@=\toks15
)
Skipping: [2021/05/01] Usage of raw option list on input line 252.
Applying: [0000/00/00] compatibility for LaTeX before 2021/05/01 on input line 
337.
)) (/Users/joey/Library/TinyTeX/texmf-dist/tex/latex/koma-script/tocbasic.sty
Package: tocbasic 2021/03/17 v3.33 KOMA-Script package (handling toc-files)
\scr@dte@tocline@numberwidth=\skip47
\scr@dte@tocline@numbox=\box47
)
Package tocbasic Info: babel extension for `toc' omitted
(tocbasic)             because of missing \bbl@set@language on input line 135.
Class scrartcl Info: File `scrsize11pt.clo' used instead of
(scrartcl)           file `scrsize11.clo' to setup font sizes on input line 223
9.
(/Users/joey/Library/TinyTeX/texmf-dist/tex/latex/koma-script/scrsize11pt.clo
File: scrsize11pt.clo 2021/03/17 v3.33 KOMA-Script font size class option (11pt
)
) (/Users/joey/Library/TinyTeX/texmf-dist/tex/latex/koma-script/typearea.sty
Package: typearea 2021/03/17 v3.33 KOMA-Script package (type area)
\ta@bcor=\skip48
\ta@div=\count179
\ta@hblk=\skip49
\ta@vblk=\skip50
\ta@temp=\skip51
\footheight=\skip52
DIV calculation for typearea with good linewidth.
Package typearea Info: These are the values describing the layout:
(typearea)             DIV  = 8
(typearea)             BCOR = 0.0pt
(typearea)             \paperwidth      = 597.50793pt
(typearea)              \textwidth      = 373.44246pt
(typearea)              DIV departure   = 0%
(typearea)              \evensidemargin = 39.76274pt
(typearea)              \oddsidemargin  = 39.76274pt
(typearea)             \paperheight     = 845.04694pt
(typearea)              \textheight     = 500.60022pt
(typearea)              \topmargin      = 33.36087pt
(typearea)              \headheight     = 17.0pt
(typearea)              \headsep        = 20.40001pt
(typearea)              \topskip        = 11.0pt
(typearea)              \footskip       = 47.6pt
(typearea)              \baselineskip   = 13.6pt
(typearea)              on input line 1741.
)
\c@part=\count180
\c@section=\count181
\c@subsection=\count182
\c@subsubsection=\count183
\c@paragraph=\count184
\c@subparagraph=\count185
\scr@dte@section@maxnumwidth=\skip53
Class scrartcl Info: using compatibility default `runin=bysign'
(scrartcl)           for `\section on input line 4846.
Class scrartcl Info: using compatibility default `afterindent=bysign'
(scrartcl)           for `\section on input line 4846.
\scr@dte@part@maxnumwidth=\skip54
Class scrartcl Info: using compatibility default `afterindent=false'
(scrartcl)           for `\part on input line 4854.
\scr@dte@subsection@maxnumwidth=\skip55
Class scrartcl Info: using compatibility default `runin=bysign'
(scrartcl)           for `\subsection on input line 4864.
Class scrartcl Info: using compatibility default `afterindent=bysign'
(scrartcl)           for `\subsection on input line 4864.
\scr@dte@subsubsection@maxnumwidth=\skip56
Class scrartcl Info: using compatibility default `runin=bysign'
(scrartcl)           for `\subsubsection on input line 4874.
Class scrartcl Info: using compatibility default `afterindent=bysign'
(scrartcl)           for `\subsubsection on input line 4874.
\scr@dte@paragraph@maxnumwidth=\skip57
Class scrartcl Info: using compatibility default `runin=bysign'
(scrartcl)           for `\paragraph on input line 4885.
Class scrartcl Info: using compatibility default `afterindent=bysign'
(scrartcl)           for `\paragraph on input line 4885.
\scr@dte@subparagraph@maxnumwidth=\skip58
Class scrartcl Info: using compatibility default `runin=bysign'
(scrartcl)           for `\subparagraph on input line 4895.
Class scrartcl Info: using compatibility default `afterindent=bysign'
(scrartcl)           for `\subparagraph on input line 4895.
\abovecaptionskip=\skip59
\belowcaptionskip=\skip60
\c@pti@nb@sid@b@x=\box48
Package tocbasic Info: babel extension for `lof' omitted
(tocbasic)             because of missing \bbl@set@language on input line 6127.

\scr@dte@figure@maxnumwidth=\skip61
\c@figure=\count186
Package tocbasic Info: babel extension for `lot' omitted
(tocbasic)             because of missing \bbl@set@language on input line 6139.

\scr@dte@table@maxnumwidth=\skip62
\c@table=\count187
Class scrartcl Info: Redefining `\numberline' on input line 6303.
\bibindent=\dimen138
) (/Users/joey/Library/TinyTeX/texmf-dist/tex/latex/tools/multicol.sty
Package: multicol 2019/12/09 v1.8y multicolumn formatting (FMi)
\c@tracingmulticols=\count188
\mult@box=\box49
\multicol@leftmargin=\dimen139
\c@unbalance=\count189
\c@collectmore=\count190
\doublecol@number=\count191
\multicoltolerance=\count192
\multicolpretolerance=\count193
\full@width=\dimen140
\page@free=\dimen141
\premulticols=\dimen142
\postmulticols=\dimen143
\multicolsep=\skip63
\multicolbaselineskip=\skip64
\partial@page=\box50
\last@line=\box51
\maxbalancingoverflow=\dimen144
\mult@rightbox=\box52
\mult@grightbox=\box53
\mult@gfirstbox=\box54
\mult@firstbox=\box55
\@tempa=\box56
\@tempa=\box57
\@tempa=\box58
\@tempa=\box59
\@tempa=\box60
\@tempa=\box61
\@tempa=\box62
\@tempa=\box63
\@tempa=\box64
\@tempa=\box65
\@tempa=\box66
\@tempa=\box67
\@tempa=\box68
\@tempa=\box69
\@tempa=\box70
\@tempa=\box71
\@tempa=\box72
\@tempa=\box73
\@tempa=\box74
\@tempa=\box75
\@tempa=\box76
\@tempa=\box77
\@tempa=\box78
\@tempa=\box79
\@tempa=\box80
\@tempa=\box81
\@tempa=\box82
\@tempa=\box83
\@tempa=\box84
\@tempa=\box85
\@tempa=\box86
\@tempa=\box87
\@tempa=\box88
\@tempa=\box89
\@tempa=\box90
\@tempa=\box91
\@tempa=\box92
\c@minrows=\count194
\c@columnbadness=\count195
\c@finalcolumnbadness=\count196
\last@try=\dimen145
\multicolovershoot=\dimen146
\multicolundershoot=\dimen147
\mult@nat@firstbox=\box93
\colbreak@box=\box94
\mc@col@check@num=\count197
) (/Users/joey/Library/TinyTeX/texmf-dist/tex/latex/marginfix/marginfix.sty
Package: marginfix 2020/05/06 v1.2 Fix Margin Paragraphs
\Mfx@inject@insert=\insert199
\Mfx@marginbox=\box95
\Mfx@marginpos@min=\dimen148
\Mfx@marginpos@max=\dimen149
\Mfx@marginspace=\dimen150
\Mfx@marginheight=\dimen151
\Mfx@piece@content=\box96
\Mfx@piece@count=\count198
\Mfx@mparshift=\dimen152
\marginheightadjustment=\dimen153
\marginposadjustment=\dimen154
\Mfx@strutheight=\dimen155
) (/Users/joey/Library/TinyTeX/texmf-dist/tex/latex/caption/subcaption.sty
Package: subcaption 2020/10/07 v1.3j Sub-captions (AR)
(/Users/joey/Library/TinyTeX/texmf-dist/tex/latex/caption/caption.sty
Package: caption 2020/10/26 v3.5g Customizing captions (AR)
(/Users/joey/Library/TinyTeX/texmf-dist/tex/latex/caption/caption3.sty
Package: caption3 2020/10/21 v2.2e caption3 kernel (AR)
\captionmargin=\dimen156
\captionmargin@=\dimen157
\captionwidth=\dimen158
\caption@tempdima=\dimen159
\caption@indent=\dimen160
\caption@parindent=\dimen161
\caption@hangindent=\dimen162
Package caption Info: KOMA-Script document class detected.
(/Users/joey/Library/TinyTeX/texmf-dist/tex/latex/caption/caption-koma.sto
File: caption-koma.sto 2020/09/21 v2.0b Adaption of the caption package to the 
KOMA-Script document classes (AR)
))

Package caption Warning: Option `tableposition=top' has no effect
(caption)                when used with a KOMA-Script document class.
See the caption package documentation for explanation.

\c@caption@flags=\count266
\c@continuedfloat=\count267
)
\c@subfigure=\count268
\c@subtable=\count269
) (/Users/joey/Library/TinyTeX/texmf-dist/tex/latex/booktabs/booktabs.sty
Package: booktabs 2020/01/12 v1.61803398 Publication quality tables
\heavyrulewidth=\dimen163
\lightrulewidth=\dimen164
\cmidrulewidth=\dimen165
\belowrulesep=\dimen166
\belowbottomsep=\dimen167
\aboverulesep=\dimen168
\abovetopsep=\dimen169
\cmidrulesep=\dimen170
\cmidrulekern=\dimen171
\defaultaddspace=\dimen172
\@cmidla=\count270
\@cmidlb=\count271
\@aboverulesep=\dimen173
\@belowrulesep=\dimen174
\@thisruleclass=\count272
\@lastruleclass=\count273
\@thisrulewidth=\dimen175
) (/Users/joey/Library/TinyTeX/texmf-dist/tex/latex/ragged2e/ragged2e.sty
Package: ragged2e 2021/02/05 v3.0 ragged2e Package
(/Users/joey/Library/TinyTeX/texmf-dist/tex/latex/everysel/everysel.sty
Package: everysel 2021/01/20 v2.1 EverySelectfont Package (MS)

(/Users/joey/Library/TinyTeX/texmf-dist/tex/latex/everysel/everysel-2011-10-28.
sty)) (/Users/joey/Library/TinyTeX/texmf-dist/tex/latex/footmisc/footmisc.sty
Package: footmisc 2011/06/06 v5.5b a miscellany of footnote facilities
\FN@temptoken=\toks16
\footnotemargin=\dimen176
\c@pp@next@reset=\count274
Package footmisc Info: Declaring symbol style bringhurst on input line 855.
Package footmisc Info: Declaring symbol style chicago on input line 863.
Package footmisc Info: Declaring symbol style wiley on input line 872.
Package footmisc Info: Declaring symbol style lamport-robust on input line 883.

Package footmisc Info: Declaring symbol style lamport* on input line 903.
Package footmisc Info: Declaring symbol style lamport*-robust on input line 924
.
)
\CenteringLeftskip=\skip65
\RaggedLeftLeftskip=\skip66
\RaggedRightLeftskip=\skip67
\CenteringRightskip=\skip68
\RaggedLeftRightskip=\skip69
\RaggedRightRightskip=\skip70
\CenteringParfillskip=\skip71
\RaggedLeftParfillskip=\skip72
\RaggedRightParfillskip=\skip73
\JustifyingParfillskip=\skip74
\CenteringParindent=\skip75
\RaggedLeftParindent=\skip76
\RaggedRightParindent=\skip77
\JustifyingParindent=\skip78
) (/Users/joey/Library/TinyTeX/texmf-dist/tex/latex/enumitem/enumitem.sty
Package: enumitem 2019/06/20 v3.9 Customized lists
\labelindent=\skip79
\enit@outerparindent=\dimen177
\enit@toks=\toks17
\enit@inbox=\box97
\enit@count@id=\count275
\enitdp@description=\count276
) (/Users/joey/Library/TinyTeX/texmf-dist/tex/latex/etoolbox/etoolbox.sty
Package: etoolbox 2020/10/05 v2.5k e-TeX tools for LaTeX (JAW)
\etb@tempcnta=\count277
) (/Users/joey/Library/TinyTeX/texmf-dist/tex/latex/floatrow/floatrow.sty
Package: floatrow 2008/08/02 v0.3b floatrow: float package extension
\c@float@type=\count278
\float@exts=\toks18
\float@box=\box98
\@floatcapt=\box99
Package floatrow Info: Modified float package code loaded on input line 455.
Package floatrow Info: Modified rotfloat package code loaded on input line 473.

\FR@everyfloat=\toks19
\flrow@foot=\insert252
\FB@wd=\dimen178
\FBo@wd=\dimen179
\FBc@wd=\dimen180
\FBo@ht=\skip80
\FBc@ht=\skip81
\FBf@ht=\skip82
\FBo@max=\skip83
\FBc@max=\skip84
\FBf@max=\skip85
\c@FBl@b=\count279
\floatbox@depth=\count280
\c@FRobj=\count281
\c@FRsobj=\count282
\Xhsize=\skip86
\sXhsize=\skip87
\Zhsize=\skip88
\sZhsize=\skip89
\flrow@rowbox=\box100
\FR@Zunitlength=\dimen181
\c@FBcnt=\count283
\FPOScnt=\count284
\LTleft=\skip90
\LTright=\skip91
\LTleft=\skip92
\LTright=\skip93
\flrow@types=\toks20
) (/Users/joey/Library/TinyTeX/texmf-dist/tex/latex/environ/environ.sty
Package: environ 2014/05/04 v0.3 A new way to define environments
(/Users/joey/Library/TinyTeX/texmf-dist/tex/latex/trimspaces/trimspaces.sty
Package: trimspaces 2009/09/17 v1.1 Trim spaces around a token list
)
\@envbody=\toks21
) (/Users/joey/Library/TinyTeX/texmf-dist/tex/latex/tools/xspace.sty
Package: xspace 2014/10/28 v1.13 Space after command names (DPC,MH)
) (/Users/joey/Library/TinyTeX/texmf-dist/tex/generic/iftex/ifxetex.sty
Package: ifxetex 2019/10/25 v0.7 ifxetex legacy package. Use iftex instead.
(/Users/joey/Library/TinyTeX/texmf-dist/tex/generic/iftex/iftex.sty
Package: iftex 2020/03/06 v1.0d TeX engine tests
)) (/Users/joey/Library/TinyTeX/texmf-dist/tex/generic/iftex/ifluatex.sty
Package: ifluatex 2019/10/25 v1.5 ifluatex legacy package. Use iftex instead.
) (/Users/joey/Library/TinyTeX/texmf-dist/tex/latex/base/fontenc.sty
Package: fontenc 2020/08/10 v2.0s Standard LaTeX package
) (/Users/joey/Library/TinyTeX/texmf-dist/tex/latex/base/inputenc.sty
Package: inputenc 2020/08/01 v1.3d Input encoding file
\inpenc@prehook=\toks22
\inpenc@posthook=\toks23
) (/Users/joey/Library/TinyTeX/texmf-dist/tex/latex/amscls/amsthm.sty
Package: amsthm 2020/05/29 v2.20.6
\thm@style=\toks24
\thm@bodyfont=\toks25
\thm@headfont=\toks26
\thm@notefont=\toks27
\thm@headpunct=\toks28
\thm@preskip=\skip94
\thm@postskip=\skip95
\thm@headsep=\skip96
\dth@everypar=\toks29
) (/Users/joey/Library/TinyTeX/texmf-dist/tex/latex/xpatch/xpatch.sty (/Users/j
oey/Library/TinyTeX/texmf-dist/tex/latex/l3kernel/expl3.sty
Package: expl3 2021-02-18 L3 programming layer (loader) 

(/Users/joey/Library/TinyTeX/texmf-dist/tex/latex/l3backend/l3backend-pdftex.de
f
File: l3backend-pdftex.def 2021-03-18 L3 backend support: PDF output (pdfTeX)
\l__color_backend_stack_int=\count285
\l__pdf_internal_box=\box101
))
Package: xpatch 2020/03/25 v0.3a Extending etoolbox patching commands
(/Users/joey/Library/TinyTeX/texmf-dist/tex/latex/l3packages/xparse/xparse.sty
(/Users/joey/Library/TinyTeX/texmf-dist/tex/latex/l3packages/xparse/xparse-2020
-10-01.sty
(/Users/joey/Library/TinyTeX/texmf-dist/tex/latex/l3packages/xparse/xparse-gene
ric.tex))))
Class scrartcl Info: amsthm's \deferred@thm@head patched.
(/Users/joey/Library/TinyTeX/texmf-dist/tex/latex/libertine/libertine.sty
Package: libertine 2020/03/26 (Bob Tennent) Supports Libertine and Biolinum fon
ts for all LaTeX engines.
(/Users/joey/Library/TinyTeX/texmf-dist/tex/latex/xkeyval/xkeyval.sty
Package: xkeyval 2020/11/20 v2.8 package option processing (HA)
(/Users/joey/Library/TinyTeX/texmf-dist/tex/generic/xkeyval/xkeyval.tex (/Users
/joey/Library/TinyTeX/texmf-dist/tex/generic/xkeyval/xkvutils.tex
\XKV@toks=\toks30
\XKV@tempa@toks=\toks31
)
\XKV@depth=\count286
File: xkeyval.tex 2014/12/03 v2.7a key=value parser (HA)
)) (/Users/joey/Library/TinyTeX/texmf-dist/tex/latex/base/textcomp.sty
Package: textcomp 2020/02/02 v2.0n Standard LaTeX package
)

Package libertine Warning: ****************************************
(libertine)                Figure defaults are now: lining, tabular; 
(libertine)                for options, see the documentation. 
(libertine)                ****************************************.

(/Users/joey/Library/TinyTeX/texmf-dist/tex/latex/base/fontenc.sty
Package: fontenc 2020/08/10 v2.0s Standard LaTeX package
) (/Users/joey/Library/TinyTeX/texmf-dist/tex/latex/fontaxes/fontaxes.sty
Package: fontaxes 2020/07/21 v1.0e Font selection axes
LaTeX Info: Redefining \upshape on input line 29.
LaTeX Info: Redefining \itshape on input line 31.
LaTeX Info: Redefining \slshape on input line 33.
LaTeX Info: Redefining \swshape on input line 35.
LaTeX Info: Redefining \scshape on input line 37.
LaTeX Info: Redefining \sscshape on input line 39.
LaTeX Info: Redefining \ulcshape on input line 41.
LaTeX Info: Redefining \textsw on input line 47.
LaTeX Info: Redefining \textssc on input line 48.
LaTeX Info: Redefining \textulc on input line 49.
)
LaTeX Info: Redefining \oldstylenums on input line 484.
(/Users/joey/Library/TinyTeX/texmf-dist/tex/latex/libertine/LinLibertine_I.tex)
) (/Users/joey/Library/TinyTeX/texmf-dist/tex/latex/inconsolata/inconsolata.sty
Package: inconsolata 2019/05/17 v1.12
`inconsolata-zi4' v1.12, 2019/05/17 Text macros for Inconsolata (msharpe)
\zifour@ocount=\count287
) (/Users/joey/Library/TinyTeX/texmf-dist/tex/latex/mathtools/mathtools.sty
Package: mathtools 2021/04/12 v1.27 mathematical typesetting tools
(/Users/joey/Library/TinyTeX/texmf-dist/tex/latex/tools/calc.sty
Package: calc 2017/05/25 v4.3 Infix arithmetic (KKT,FJ)
\calc@Acount=\count288
\calc@Bcount=\count289
\calc@Adimen=\dimen182
\calc@Bdimen=\dimen183
\calc@Askip=\skip97
\calc@Bskip=\skip98
LaTeX Info: Redefining \setlength on input line 80.
LaTeX Info: Redefining \addtolength on input line 81.
\calc@Ccount=\count290
\calc@Cskip=\skip99
) (/Users/joey/Library/TinyTeX/texmf-dist/tex/latex/mathtools/mhsetup.sty
Package: mhsetup 2021/03/18 v1.4 programming setup (MH)
) (/Users/joey/Library/TinyTeX/texmf-dist/tex/latex/amsmath/amsmath.sty
Package: amsmath 2020/09/23 v2.17i AMS math features
\@mathmargin=\skip100
For additional information on amsmath, use the `?' option.
(/Users/joey/Library/TinyTeX/texmf-dist/tex/latex/amsmath/amstext.sty
Package: amstext 2000/06/29 v2.01 AMS text
(/Users/joey/Library/TinyTeX/texmf-dist/tex/latex/amsmath/amsgen.sty
File: amsgen.sty 1999/11/30 v2.0 generic functions
\@emptytoks=\toks32
\ex@=\dimen184
)) (/Users/joey/Library/TinyTeX/texmf-dist/tex/latex/amsmath/amsbsy.sty
Package: amsbsy 1999/11/29 v1.2d Bold Symbols
\pmbraise@=\dimen185
) (/Users/joey/Library/TinyTeX/texmf-dist/tex/latex/amsmath/amsopn.sty
Package: amsopn 2016/03/08 v2.02 operator names
)
\inf@bad=\count291
LaTeX Info: Redefining \frac on input line 234.
\uproot@=\count292
\leftroot@=\count293
LaTeX Info: Redefining \overline on input line 399.
\classnum@=\count294
\DOTSCASE@=\count295
LaTeX Info: Redefining \ldots on input line 496.
LaTeX Info: Redefining \dots on input line 499.
LaTeX Info: Redefining \cdots on input line 620.
\Mathstrutbox@=\box102
\strutbox@=\box103
\big@size=\dimen186
LaTeX Font Info:    Redeclaring font encoding OML on input line 743.
LaTeX Font Info:    Redeclaring font encoding OMS on input line 744.
\macc@depth=\count296
\c@MaxMatrixCols=\count297
\dotsspace@=\muskip16
\c@parentequation=\count298
\dspbrk@lvl=\count299
\tag@help=\toks33
\row@=\count300
\column@=\count301
\maxfields@=\count302
\andhelp@=\toks34
\eqnshift@=\dimen187
\alignsep@=\dimen188
\tagshift@=\dimen189
\tagwidth@=\dimen190
\totwidth@=\dimen191
\lineht@=\dimen192
\@envbody=\toks35
\multlinegap=\skip101
\multlinetaggap=\skip102
\mathdisplay@stack=\toks36
LaTeX Info: Redefining \[ on input line 2923.
LaTeX Info: Redefining \] on input line 2924.
)
LaTeX Info: Thecontrolsequence`\('isalreadyrobust on input line 130.
LaTeX Info: Thecontrolsequence`\)'isalreadyrobust on input line 130.
LaTeX Info: Thecontrolsequence`\['isalreadyrobust on input line 130.
LaTeX Info: Thecontrolsequence`\]'isalreadyrobust on input line 130.
\g_MT_multlinerow_int=\count303
\l_MT_multwidth_dim=\dimen193
\origjot=\skip103
\l_MT_shortvdotswithinadjustabove_dim=\dimen194
\l_MT_shortvdotswithinadjustbelow_dim=\dimen195
\l_MT_above_intertext_sep=\dimen196
\l_MT_below_intertext_sep=\dimen197
\l_MT_above_shortintertext_sep=\dimen198
\l_MT_below_shortintertext_sep=\dimen256
\xmathstrut@box=\box104
\xmathstrut@dim=\dimen257
) (/Users/joey/Library/TinyTeX/texmf-dist/tex/latex/newtx/newtxmath.sty
Package: newtxmath 2021/03/27 v1.642

`newtxmath' v1.642, 2021/03/27 Math macros based originally on txfonts (msharpe
) (/Users/joey/Library/TinyTeX/texmf-dist/tex/latex/base/ifthen.sty
Package: ifthen 2014/09/29 v1.1c Standard LaTeX ifthen package (DPC)
) (/Users/joey/Library/TinyTeX/texmf-dist/tex/latex/oberdiek/centernot.sty
Package: centernot 2016/05/16 v1.4 Centers the not symbol horizontally (HO)
)
\tx@cntz=\count304
(/Users/joey/Library/TinyTeX/texmf-dist/tex/generic/kastrup/binhex.tex)
\tx@Isdigit=\count305
\tx@IsAlNum=\count306
\tx@tA=\toks37
\tx@tB=\toks38
\tx@su=\read2
LaTeX Font Info:    Redeclaring symbol font `operators' on input line 360.
LaTeX Font Info:    Overwriting symbol font `operators' in version `normal'
(Font)                  OT1/cmr/m/n --> OT1/LinuxLibertineT-TLF/m/n on input li
ne 360.
LaTeX Font Info:    Overwriting symbol font `operators' in version `bold'
(Font)                  OT1/cmr/bx/n --> OT1/LinuxLibertineT-TLF/m/n on input l
ine 360.
LaTeX Font Info:    Overwriting symbol font `operators' in version `bold'
(Font)                  OT1/LinuxLibertineT-TLF/m/n --> OT1/LinuxLibertineT-TLF
/sb/n on input line 361.
LaTeX Font Info:    Redeclaring math alphabet \mathsf on input line 369.
LaTeX Font Info:    Overwriting math alphabet `\mathsf' in version `normal'
(Font)                  OT1/cmss/m/n --> T1/LinuxBiolinumT-TLF/m/n on input lin
e 369.
LaTeX Font Info:    Overwriting math alphabet `\mathsf' in version `bold'
(Font)                  OT1/cmss/bx/n --> T1/LinuxBiolinumT-TLF/m/n on input li
ne 369.
LaTeX Font Info:    Redeclaring math alphabet \mathit on input line 370.
LaTeX Font Info:    Overwriting math alphabet `\mathit' in version `normal'
(Font)                  OT1/cmr/m/it --> OT1/LinuxLibertineT-TLF/m/it on input 
line 370.
LaTeX Font Info:    Overwriting math alphabet `\mathit' in version `bold'
(Font)                  OT1/cmr/bx/it --> OT1/LinuxLibertineT-TLF/m/it on input
 line 370.
LaTeX Font Info:    Redeclaring math alphabet \mathtt on input line 371.
LaTeX Font Info:    Overwriting math alphabet `\mathtt' in version `normal'
(Font)                  OT1/cmtt/m/n --> T1/zi4/m/n on input line 371.
LaTeX Font Info:    Overwriting math alphabet `\mathtt' in version `bold'
(Font)                  OT1/cmtt/m/n --> T1/zi4/m/n on input line 371.
LaTeX Font Info:    Redeclaring math alphabet \mathbf on input line 373.
LaTeX Font Info:    Overwriting math alphabet `\mathbf' in version `normal'
(Font)                  OT1/cmr/bx/n --> OT1/LinuxLibertineT-TLF/sb/n on input 
line 373.
LaTeX Font Info:    Overwriting math alphabet `\mathbf' in version `bold'
(Font)                  OT1/cmr/bx/n --> OT1/LinuxLibertineT-TLF/sb/n on input 
line 373.
LaTeX Font Info:    Overwriting math alphabet `\mathit' in version `bold'
(Font)                  OT1/LinuxLibertineT-TLF/m/it --> OT1/LinuxLibertineT-TL
F/sb/it on input line 374.
LaTeX Font Info:    Overwriting math alphabet `\mathsf' in version `bold'
(Font)                  T1/LinuxBiolinumT-TLF/m/n --> T1/LinuxBiolinumT-TLF/b/n
 on input line 375.
LaTeX Font Info:    Overwriting math alphabet `\mathtt' in version `bold'
(Font)                  T1/zi4/m/n --> T1/zi4/b/n on input line 376.
LaTeX Font Info:    Redeclaring symbol font `letters' on input line 393.
LaTeX Font Info:    Overwriting symbol font `letters' in version `normal'
(Font)                  OML/cmm/m/it --> OML/nxlmi/m/it on input line 393.
LaTeX Font Info:    Overwriting symbol font `letters' in version `bold'
(Font)                  OML/cmm/b/it --> OML/nxlmi/m/it on input line 393.
LaTeX Font Info:    Overwriting symbol font `letters' in version `bold'
(Font)                  OML/nxlmi/m/it --> OML/nxlmi/b/it on input line 394.
\symlettersA=\mathgroup4
LaTeX Font Info:    Overwriting symbol font `lettersA' in version `bold'
(Font)                  U/ntxmia/m/it --> U/ntxmia/b/it on input line 533.
Now handling font encoding LMS ...
... no UTF-8 mapping file for font encoding LMS
LaTeX Font Info:    Redeclaring symbol font `symbols' on input line 554.
LaTeX Font Info:    Encoding `OMS' has changed to `LMS' for symbol font
(Font)              `symbols' in the math version `normal' on input line 554.
LaTeX Font Info:    Overwriting symbol font `symbols' in version `normal'
(Font)                  OMS/cmsy/m/n --> LMS/ntxsy/m/n on input line 554.
LaTeX Font Info:    Encoding `OMS' has changed to `LMS' for symbol font
(Font)              `symbols' in the math version `bold' on input line 554.
LaTeX Font Info:    Overwriting symbol font `symbols' in version `bold'
(Font)                  OMS/cmsy/b/n --> LMS/ntxsy/m/n on input line 554.
LaTeX Font Info:    Overwriting symbol font `symbols' in version `bold'
(Font)                  LMS/ntxsy/m/n --> LMS/ntxsy/b/n on input line 555.
\symAMSm=\mathgroup5
LaTeX Font Info:    Overwriting symbol font `AMSm' in version `bold'
(Font)                  U/ntxsym/m/n --> U/ntxsym/b/n on input line 578.
\symsymbolsC=\mathgroup6
LaTeX Font Info:    Overwriting symbol font `symbolsC' in version `bold'
(Font)                  U/ntxsyc/m/n --> U/ntxsyc/b/n on input line 599.
Now handling font encoding LMX ...
... no UTF-8 mapping file for font encoding LMX
LaTeX Font Info:    Redeclaring symbol font `largesymbols' on input line 612.
LaTeX Font Info:    Encoding `OMX' has changed to `LMX' for symbol font
(Font)              `largesymbols' in the math version `normal' on input line 6
12.
LaTeX Font Info:    Overwriting symbol font `largesymbols' in version `normal'
(Font)                  OMX/cmex/m/n --> LMX/ntxexx/m/n on input line 612.
LaTeX Font Info:    Encoding `OMX' has changed to `LMX' for symbol font
(Font)              `largesymbols' in the math version `bold' on input line 612
.
LaTeX Font Info:    Overwriting symbol font `largesymbols' in version `bold'
(Font)                  OMX/cmex/m/n --> LMX/ntxexx/m/n on input line 612.
LaTeX Font Info:    Overwriting symbol font `largesymbols' in version `bold'
(Font)                  LMX/ntxexx/m/n --> LMX/ntxexx/b/n on input line 613.
\symlargesymbolsTXA=\mathgroup7
LaTeX Font Info:    Overwriting symbol font `largesymbolsTXA' in version `bold'

(Font)                  U/ntxexa/m/n --> U/ntxexa/b/n on input line 627.
\tx@sbptoks=\toks39
LaTeX Font Info:    Redeclaring math delimiter \lfloor on input line 850.
LaTeX Font Info:    Redeclaring math delimiter \rfloor on input line 851.
LaTeX Font Info:    Redeclaring math delimiter \lceil on input line 852.
LaTeX Font Info:    Redeclaring math delimiter \rceil on input line 853.
LaTeX Font Info:    Redeclaring math delimiter \lbrace on input line 854.
LaTeX Font Info:    Redeclaring math delimiter \rbrace on input line 855.
LaTeX Font Info:    Redeclaring math delimiter \langle on input line 856.
LaTeX Font Info:    Redeclaring math delimiter \rangle on input line 858.
LaTeX Font Info:    Redeclaring math delimiter \arrowvert on input line 862.
LaTeX Font Info:    Redeclaring math delimiter \vert on input line 863.
LaTeX Font Info:    Redeclaring math symbol \hbar on input line 909.
LaTeX Font Info:    Redeclaring math accent \dot on input line 934.
LaTeX Font Info:    Redeclaring math accent \ddot on input line 935.
LaTeX Font Info:    Redeclaring math accent \vec on input line 1998.
LaTeX Info: Redefining \Bbbk on input line 2786.
LaTeX Info: Redefining \not on input line 2935.
LaTeX Info: Redefining \textsquare on input line 2965.
LaTeX Info: Redefining \openbox on input line 2967.
) (/Users/joey/Library/TinyTeX/texmf-dist/tex/latex/tools/bm.sty
Package: bm 2019/07/24 v1.2d Bold Symbol Support (DPC/FMi)
\symboldoperators=\mathgroup8
\symboldletters=\mathgroup9
\symboldsymbols=\mathgroup10
\symboldlargesymbols=\mathgroup11
LaTeX Font Info:    Redeclaring math alphabet \mathbf on input line 141.
LaTeX Info: Redefining \bm on input line 209.
) (/Users/joey/Library/TinyTeX/texmf-dist/tex/latex/upquote/upquote.sty
Package: upquote 2012/04/19 v1.3 upright-quote and grave-accent glyphs in verba
tim
) (/Users/joey/Library/TinyTeX/texmf-dist/tex/latex/microtype/microtype.sty
Package: microtype 2021/03/14 v2.8c Micro-typographical refinements (RS)
\MT@toks=\toks40
\MT@count=\count307
LaTeX Info: Redefining \textls on input line 790.
\MT@outer@kern=\dimen258
LaTeX Info: Redefining \textmicrotypecontext on input line 1374.
\MT@listname@count=\count308

(/Users/joey/Library/TinyTeX/texmf-dist/tex/latex/microtype/microtype-pdftex.de
f
File: microtype-pdftex.def 2021/03/14 v2.8c Definitions specific to pdftex (RS)

LaTeX Info: Redefining \lsstyle on input line 915.
LaTeX Info: Redefining \lslig on input line 915.
\MT@outer@space=\skip104
)
Package microtype Info: Loading configuration file microtype.cfg.
(/Users/joey/Library/TinyTeX/texmf-dist/tex/latex/microtype/microtype.cfg
File: microtype.cfg 2021/03/14 v2.8c microtype main configuration file (RS)
))

Class scrartcl Warning: Usage of package `parskip' together
(scrartcl)              with a KOMA-Script class is not recommended.
(scrartcl)              I'd suggest to use option
(scrartcl)              `parskip' with one of it's several values.
(scrartcl)              Nevertheless, using requested
(scrartcl)              package `parskip' on input line 105.

(/Users/joey/Library/TinyTeX/texmf-dist/tex/latex/parskip/parskip.sty
Package: parskip 2021-03-14 v2.0h non-zero parskip adjustments
(/Users/joey/Library/TinyTeX/texmf-dist/tex/latex/kvoptions/kvoptions.sty
Package: kvoptions 2020-10-07 v3.14 Key value format for package options (HO)
(/Users/joey/Library/TinyTeX/texmf-dist/tex/generic/ltxcmds/ltxcmds.sty
Package: ltxcmds 2020-05-10 v1.25 LaTeX kernel commands for general use (HO)
) (/Users/joey/Library/TinyTeX/texmf-dist/tex/generic/kvsetkeys/kvsetkeys.sty
Package: kvsetkeys 2019/12/15 v1.18 Key value parser (HO)
))
Couldn't patch \@startsection
) (/Users/joey/Library/TinyTeX/texmf-dist/tex/latex/xcolor/xcolor.sty
Package: xcolor 2016/05/11 v2.12 LaTeX color extensions (UK)
(/Users/joey/Library/TinyTeX/texmf-dist/tex/latex/graphics-cfg/color.cfg
File: color.cfg 2016/01/02 v1.6 sample color configuration
)
Package xcolor Info: Driver file: pdftex.def on input line 225.
(/Users/joey/Library/TinyTeX/texmf-dist/tex/latex/graphics-def/pdftex.def
File: pdftex.def 2020/10/05 v1.2a Graphics/color driver for pdftex
)
Package xcolor Info: Model `cmy' substituted by `cmy0' on input line 1348.
Package xcolor Info: Model `hsb' substituted by `rgb' on input line 1352.
Package xcolor Info: Model `RGB' extended on input line 1364.
Package xcolor Info: Model `HTML' substituted by `rgb' on input line 1366.
Package xcolor Info: Model `Hsb' substituted by `hsb' on input line 1367.
Package xcolor Info: Model `tHsb' substituted by `hsb' on input line 1368.
Package xcolor Info: Model `HSB' substituted by `hsb' on input line 1369.
Package xcolor Info: Model `Gray' substituted by `gray' on input line 1370.
Package xcolor Info: Model `wave' substituted by `hsb' on input line 1371.
(/Users/joey/Library/TinyTeX/texmf-dist/tex/latex/graphics/dvipsnam.def
File: dvipsnam.def 2016/06/17 v3.0m Driver-dependent file (DPC,SPQR)
) (/Users/joey/Library/TinyTeX/texmf-dist/tex/latex/xcolor/svgnam.def
File: svgnam.def 2016/05/11 v2.12 Predefined colors according to SVG 1.1 (UK)
) (/Users/joey/Library/TinyTeX/texmf-dist/tex/latex/xcolor/x11nam.def
File: x11nam.def 2016/05/11 v2.12 Predefined colors according to Unix/X11 (UK)
)) (/Users/joey/Library/TinyTeX/texmf-dist/tex/latex/hyperref/hyperref.sty
Package: hyperref 2021-02-27 v7.00k Hypertext links for LaTeX
(/Users/joey/Library/TinyTeX/texmf-dist/tex/generic/pdftexcmds/pdftexcmds.sty
Package: pdftexcmds 2020-06-27 v0.33 Utility functions of pdfTeX for LuaTeX (HO
)
(/Users/joey/Library/TinyTeX/texmf-dist/tex/generic/infwarerr/infwarerr.sty
Package: infwarerr 2019/12/03 v1.5 Providing info/warning/error messages (HO)
)
Package pdftexcmds Info: \pdf@primitive is available.
Package pdftexcmds Info: \pdf@ifprimitive is available.
Package pdftexcmds Info: \pdfdraftmode found.
)
(/Users/joey/Library/TinyTeX/texmf-dist/tex/generic/kvdefinekeys/kvdefinekeys.s
ty
Package: kvdefinekeys 2019-12-19 v1.6 Define keys (HO)
) (/Users/joey/Library/TinyTeX/texmf-dist/tex/generic/pdfescape/pdfescape.sty
Package: pdfescape 2019/12/09 v1.15 Implements pdfTeX's escape features (HO)
) (/Users/joey/Library/TinyTeX/texmf-dist/tex/latex/hycolor/hycolor.sty
Package: hycolor 2020-01-27 v1.10 Color options for hyperref/bookmark (HO)
) (/Users/joey/Library/TinyTeX/texmf-dist/tex/latex/letltxmacro/letltxmacro.sty
Package: letltxmacro 2019/12/03 v1.6 Let assignment for LaTeX macros (HO)
) (/Users/joey/Library/TinyTeX/texmf-dist/tex/latex/auxhook/auxhook.sty
Package: auxhook 2019-12-17 v1.6 Hooks for auxiliary files (HO)
)
\@linkdim=\dimen259
\Hy@linkcounter=\count309
\Hy@pagecounter=\count310
(/Users/joey/Library/TinyTeX/texmf-dist/tex/latex/hyperref/pd1enc.def
File: pd1enc.def 2021-02-27 v7.00k Hyperref: PDFDocEncoding definition (HO)
Now handling font encoding PD1 ...
... no UTF-8 mapping file for font encoding PD1
)
(/Users/joey/Library/TinyTeX/texmf-dist/tex/latex/hyperref/hyperref-langpatches
.def
File: hyperref-langpatches.def 2021-02-27 v7.00k Hyperref: patches for babel la
nguages
) (/Users/joey/Library/TinyTeX/texmf-dist/tex/generic/intcalc/intcalc.sty
Package: intcalc 2019/12/15 v1.3 Expandable calculations with integers (HO)
) (/Users/joey/Library/TinyTeX/texmf-dist/tex/generic/etexcmds/etexcmds.sty
Package: etexcmds 2019/12/15 v1.7 Avoid name clashes with e-TeX commands (HO)
)
\Hy@SavedSpaceFactor=\count311
(/Users/joey/Library/TinyTeX/texmf-dist/tex/latex/hyperref/puenc.def
File: puenc.def 2021-02-27 v7.00k Hyperref: PDF Unicode definition (HO)
Now handling font encoding PU ...
... no UTF-8 mapping file for font encoding PU
)
Package hyperref Info: Option `unicode' set `true' on input line 4073.
Package hyperref Info: Hyper figures OFF on input line 4192.
Package hyperref Info: Link nesting OFF on input line 4197.
Package hyperref Info: Hyper index ON on input line 4200.
Package hyperref Info: Plain pages OFF on input line 4207.
Package hyperref Info: Backreferencing OFF on input line 4212.
Package hyperref Info: Implicit mode ON; LaTeX internals redefined.
Package hyperref Info: Bookmarks ON on input line 4445.
\c@Hy@tempcnt=\count312
(/Users/joey/Library/TinyTeX/texmf-dist/tex/latex/url/url.sty
\Urlmuskip=\muskip17
Package: url 2013/09/16  ver 3.4  Verb mode for urls, etc.
)
LaTeX Info: Redefining \url on input line 4804.
\XeTeXLinkMargin=\dimen260
(/Users/joey/Library/TinyTeX/texmf-dist/tex/generic/bitset/bitset.sty
Package: bitset 2019/12/09 v1.3 Handle bit-vector datatype (HO)
(/Users/joey/Library/TinyTeX/texmf-dist/tex/generic/bigintcalc/bigintcalc.sty
Package: bigintcalc 2019/12/15 v1.5 Expandable calculations on big integers (HO
)
))
\Fld@menulength=\count313
\Field@Width=\dimen261
\Fld@charsize=\dimen262
Package hyperref Info: Hyper figures OFF on input line 6075.
Package hyperref Info: Link nesting OFF on input line 6080.
Package hyperref Info: Hyper index ON on input line 6083.
Package hyperref Info: backreferencing OFF on input line 6090.
Package hyperref Info: Link coloring OFF on input line 6095.
Package hyperref Info: Link coloring with OCG OFF on input line 6100.
Package hyperref Info: PDF/A mode OFF on input line 6105.
LaTeX Info: Redefining \ref on input line 6145.
LaTeX Info: Redefining \pageref on input line 6149.
(/Users/joey/Library/TinyTeX/texmf-dist/tex/latex/base/atbegshi-ltx.sty
Package: atbegshi-ltx 2020/08/17 v1.0a Emulation of the original atbegshi packa
ge
with kernel methods
)
\Hy@abspage=\count314
\c@Item=\count315
\c@Hfootnote=\count316
)
Package hyperref Info: Driver (autodetected): hpdftex.
(/Users/joey/Library/TinyTeX/texmf-dist/tex/latex/hyperref/hpdftex.def
File: hpdftex.def 2021-02-27 v7.00k Hyperref driver for pdfTeX
(/Users/joey/Library/TinyTeX/texmf-dist/tex/latex/base/atveryend-ltx.sty
Package: atveryend-ltx 2020/08/19 v1.0a Emulation of the original atvery packag
e
with kernel methods
)
\Fld@listcount=\count317
\c@bookmark@seq@number=\count318

(/Users/joey/Library/TinyTeX/texmf-dist/tex/latex/rerunfilecheck/rerunfilecheck
.sty
Package: rerunfilecheck 2019/12/05 v1.9 Rerun checks for auxiliary files (HO)

(/Users/joey/Library/TinyTeX/texmf-dist/tex/generic/uniquecounter/uniquecounter
.sty
Package: uniquecounter 2019/12/15 v1.4 Provide unlimited unique counter (HO)
)
Package uniquecounter Info: New unique counter `rerunfilecheck' on input line 2
86.
)
\Hy@SectionHShift=\skip105
) (/Users/joey/Library/TinyTeX/texmf-dist/tex/latex/cleveref/cleveref.sty
Package: cleveref 2018/03/27 v0.21.4 Intelligent cross-referencing
Package cleveref Info: `hyperref' support loaded on input line 2370.
LaTeX Info: Redefining \cref on input line 2370.
LaTeX Info: Redefining \Cref on input line 2370.
LaTeX Info: Redefining \crefrange on input line 2370.
LaTeX Info: Redefining \Crefrange on input line 2370.
LaTeX Info: Redefining \cpageref on input line 2370.
LaTeX Info: Redefining \Cpageref on input line 2370.
LaTeX Info: Redefining \cpagerefrange on input line 2370.
LaTeX Info: Redefining \Cpagerefrange on input line 2370.
LaTeX Info: Redefining \labelcref on input line 2370.
LaTeX Info: Redefining \labelcpageref on input line 2370.
Package cleveref Info: `amsthm' support loaded on input line 3026.
)
Package hyperref Info: Option `colorlinks' set `true' on input line 115.
Package hyperref Info: Option `breaklinks' set `true' on input line 115.
(/Users/joey/Library/TinyTeX/texmf-dist/tex/latex/geometry/geometry.sty
Package: geometry 2020/01/02 v5.9 Page Geometry
(/Users/joey/Library/TinyTeX/texmf-dist/tex/generic/iftex/ifvtex.sty
Package: ifvtex 2019/10/25 v1.7 ifvtex legacy package. Use iftex instead.
)
\Gm@cnth=\count319
\Gm@cntv=\count320
\c@Gm@tempcnt=\count321
\Gm@bindingoffset=\dimen263
\Gm@wd@mp=\dimen264
\Gm@odd@mp=\dimen265
\Gm@even@mp=\dimen266
\Gm@layoutwidth=\dimen267
\Gm@layoutheight=\dimen268
\Gm@layouthoffset=\dimen269
\Gm@layoutvoffset=\dimen270
\Gm@dimlist=\toks41
) (/Users/joey/Library/TinyTeX/texmf-dist/tex/latex/tools/longtable.sty
Package: longtable 2020/01/07 v4.13 Multi-page Table package (DPC)
\LTleft=\skip106
\LTright=\skip107
\LTpre=\skip108
\LTpost=\skip109
\LTchunksize=\count322
\LTcapwidth=\dimen271
\LT@head=\box105
\LT@firsthead=\box106
\LT@foot=\box107
\LT@lastfoot=\box108
\LT@cols=\count323
\LT@rows=\count324
\c@LT@tables=\count325
\c@LT@chunks=\count326
\LT@p@ftn=\toks42
)
Class scrartcl Info: longtable captions redefined on input line 130.
(/Users/joey/Library/TinyTeX/texmf-dist/tex/latex/mdwtools/footnote.sty
Package: footnote 1997/01/28 1.13 Save footnotes around boxes
\fn@notes=\box109
\fn@width=\dimen272
) (/Users/joey/Library/TinyTeX/texmf-dist/tex/latex/graphics/graphicx.sty
Package: graphicx 2020/09/09 v1.2b Enhanced LaTeX Graphics (DPC,SPQR)
(/Users/joey/Library/TinyTeX/texmf-dist/tex/latex/graphics/graphics.sty
Package: graphics 2020/08/30 v1.4c Standard LaTeX Graphics (DPC,SPQR)
(/Users/joey/Library/TinyTeX/texmf-dist/tex/latex/graphics/trig.sty
Package: trig 2016/01/03 v1.10 sin cos tan (DPC)
) (/Users/joey/Library/TinyTeX/texmf-dist/tex/latex/graphics-cfg/graphics.cfg
File: graphics.cfg 2016/06/04 v1.11 sample graphics configuration
)
Package graphics Info: Driver file: pdftex.def on input line 105.
)
\Gin@req@height=\dimen273
\Gin@req@width=\dimen274
) (/Users/joey/Library/TinyTeX/texmf-dist/tex/latex/grffile/grffile.sty
Package: grffile 2019/11/11 v2.1 Extended file name support for graphics (legac
y)
Package grffile Info: This package is an empty stub for compatibility on input 
line 40.
) (/Users/joey/Library/TinyTeX/texmf-dist/tex/latex/titling/titling.sty
Package: titling 2009/09/04 v2.1d maketitle typesetting
\thanksmarkwidth=\skip110
\thanksmargin=\skip111
\droptitle=\skip112
) (/Users/joey/Library/TinyTeX/texmf-dist/tex/latex/svg/svg.sty
Package: svg 2020/11/26 v2.02k (include SVG pictures)
(/Users/joey/Library/TinyTeX/texmf-dist/tex/latex/tools/shellesc.sty
Package: shellesc 2019/11/08 v1.0c unified shell escape interface for LaTeX
Package shellesc Info: Restricted shell escape enabled on input line 77.
)
\c@svg@param@lastpage=\count327
\svg@box=\box110
\c@svg@param@currpage=\count328
) (/Users/joey/Library/TinyTeX/texmf-dist/tex/latex/transparent/transparent.sty
Package: transparent 2019/11/29 v1.4 Transparency via pdfTeX's color stack (HO)

) (/Users/joey/Library/TinyTeX/texmf-dist/tex/latex/pgf/systemlayer/pgfsys.sty 
(/Users/joey/Library/TinyTeX/texmf-dist/tex/latex/pgf/utilities/pgfrcs.sty
(/Users/joey/Library/TinyTeX/texmf-dist/tex/generic/pgf/utilities/pgfutil-commo
n.tex
\pgfutil@everybye=\toks43
\pgfutil@tempdima=\dimen275
\pgfutil@tempdimb=\dimen276

(/Users/joey/Library/TinyTeX/texmf-dist/tex/generic/pgf/utilities/pgfutil-commo
n-lists.tex))
(/Users/joey/Library/TinyTeX/texmf-dist/tex/generic/pgf/utilities/pgfutil-latex
.def
\pgfutil@abb=\box111
)
(/Users/joey/Library/TinyTeX/texmf-dist/tex/generic/pgf/utilities/pgfrcs.code.t
ex (/Users/joey/Library/TinyTeX/texmf-dist/tex/generic/pgf/pgf.revision.tex)
Package: pgfrcs 2020/12/27 v3.1.8b (3.1.8b)
))
(/Users/joey/Library/TinyTeX/texmf-dist/tex/generic/pgf/systemlayer/pgfsys.code
.tex
Package: pgfsys 2020/12/27 v3.1.8b (3.1.8b)

(/Users/joey/Library/TinyTeX/texmf-dist/tex/generic/pgf/utilities/pgfkeys.code.
tex
\pgfkeys@pathtoks=\toks44
\pgfkeys@temptoks=\toks45

(/Users/joey/Library/TinyTeX/texmf-dist/tex/generic/pgf/utilities/pgfkeysfilter
ed.code.tex
\pgfkeys@tmptoks=\toks46
))
\pgf@x=\dimen277
\pgf@y=\dimen278
\pgf@xa=\dimen279
\pgf@ya=\dimen280
\pgf@xb=\dimen281
\pgf@yb=\dimen282
\pgf@xc=\dimen283
\pgf@yc=\dimen284
\pgf@xd=\dimen285
\pgf@yd=\dimen286
\w@pgf@writea=\write3
\r@pgf@reada=\read3
\c@pgf@counta=\count329
\c@pgf@countb=\count330
\c@pgf@countc=\count331
\c@pgf@countd=\count332
\t@pgf@toka=\toks47
\t@pgf@tokb=\toks48
\t@pgf@tokc=\toks49
\pgf@sys@id@count=\count333
(/Users/joey/Library/TinyTeX/texmf-dist/tex/generic/pgf/systemlayer/pgf.cfg
File: pgf.cfg 2020/12/27 v3.1.8b (3.1.8b)
)
Driver file for pgf: pgfsys-pdftex.def

(/Users/joey/Library/TinyTeX/texmf-dist/tex/generic/pgf/systemlayer/pgfsys-pdft
ex.def
File: pgfsys-pdftex.def 2020/12/27 v3.1.8b (3.1.8b)

(/Users/joey/Library/TinyTeX/texmf-dist/tex/generic/pgf/systemlayer/pgfsys-comm
on-pdf.def
File: pgfsys-common-pdf.def 2020/12/27 v3.1.8b (3.1.8b)
)))
(/Users/joey/Library/TinyTeX/texmf-dist/tex/generic/pgf/systemlayer/pgfsyssoftp
ath.code.tex
File: pgfsyssoftpath.code.tex 2020/12/27 v3.1.8b (3.1.8b)
\pgfsyssoftpath@smallbuffer@items=\count334
\pgfsyssoftpath@bigbuffer@items=\count335
)
(/Users/joey/Library/TinyTeX/texmf-dist/tex/generic/pgf/systemlayer/pgfsysproto
col.code.tex
File: pgfsysprotocol.code.tex 2020/12/27 v3.1.8b (3.1.8b)
)) (/Users/joey/Library/TinyTeX/texmf-dist/tex/latex/tools/array.sty
Package: array 2020/10/01 v2.5c Tabular extension package (FMi)
\col@sep=\dimen287
\ar@mcellbox=\box112
\extrarowheight=\dimen288
\NC@list=\toks50
\extratabsurround=\skip113
\backup@length=\skip114
\ar@cellbox=\box113
) (/Users/joey/Library/TinyTeX/texmf-dist/tex/latex/multirow/multirow.sty
Package: multirow 2021/03/15 v2.8 Span multiple rows of a table
\multirow@colwidth=\skip115
\multirow@cntb=\count336
\multirow@dima=\skip116
\bigstrutjot=\dimen289
) (/Users/joey/Library/TinyTeX/texmf-dist/tex/latex/wrapfig/wrapfig.sty
\wrapoverhang=\dimen290
\WF@size=\dimen291
\c@WF@wrappedlines=\count337
\WF@box=\box114
\WF@everypar=\toks51
Package: wrapfig 2003/01/31  v 3.6
) (/Users/joey/Library/TinyTeX/texmf-dist/tex/latex/colortbl/colortbl.sty
Package: colortbl 2020/01/04 v1.0e Color table columns (DPC)
\everycr=\toks52
\minrowclearance=\skip117
) (/Users/joey/Library/TinyTeX/texmf-dist/tex/latex/pdflscape/pdflscape.sty
Package: pdflscape 2019/12/05 v0.12 Display of landscape pages in PDF (HO)
(/Users/joey/Library/TinyTeX/texmf-dist/tex/latex/graphics/lscape.sty
Package: lscape 2020/05/28 v3.02 Landscape Pages (DPC)
)
Package pdflscape Info: Auto-detected driver: pdftex on input line 81.
) (/Users/joey/Library/TinyTeX/texmf-dist/tex/latex/tabu/tabu.sty
Package: tabu 2019/01/11 v2.9 - flexible LaTeX tabulars (FC+tabu-fixed)
(/Users/joey/Library/TinyTeX/texmf-dist/tex/latex/varwidth/varwidth.sty
Package: varwidth 2009/03/30 ver 0.92;  Variable-width minipages
\@vwid@box=\box115
\sift@deathcycles=\count338
\@vwid@loff=\dimen292
\@vwid@roff=\dimen293
)
\c@taburow=\count339
\tabu@nbcols=\count340
\tabu@cnt=\count341
\tabu@Xcol=\count342
\tabu@alloc=\count343
\tabu@nested=\count344
\tabu@target=\dimen294
\tabu@spreadtarget=\dimen295
\tabu@naturalX=\dimen296
\tabucolX=\dimen297
\tabu@Xsum=\dimen298
\extrarowdepth=\dimen299
\abovetabulinesep=\dimen300
\belowtabulinesep=\dimen301
\tabustrutrule=\dimen302
\tabu@thebody=\toks53
\tabu@footnotes=\toks54
\tabu@box=\box116
\tabu@arstrutbox=\box117
\tabu@hleads=\box118
\tabu@vleads=\box119
\tabu@cellskip=\skip118
)
(/Users/joey/Library/TinyTeX/texmf-dist/tex/latex/threeparttable/threeparttable
.sty
Package: threeparttable 2003/06/13  v 3.0
\@tempboxb=\box120
)
(/Users/joey/Library/TinyTeX/texmf-dist/tex/latex/threeparttablex/threeparttabl
ex.sty
Package: threeparttablex 2013/07/23 v0.3 by daleif
\TPTL@width=\skip119
) (/Users/joey/Library/TinyTeX/texmf-dist/tex/generic/ulem/ulem.sty
\UL@box=\box121
\UL@hyphenbox=\box122
\UL@skip=\skip120
\UL@hook=\toks55
\UL@height=\dimen303
\UL@pe=\count345
\UL@pixel=\dimen304
\ULC@box=\box123
Package: ulem 2019/11/18
\ULdepth=\dimen305
) (/Users/joey/Library/TinyTeX/texmf-dist/tex/latex/makecell/makecell.sty
Package: makecell 2009/08/03 V0.1e Managing of Tab Column Heads and Cells
\rotheadsize=\dimen306
\c@nlinenum=\count346
\TeXr@lab=\toks56
) (/Users/joey/Library/TinyTeX/texmf-dist/tex/latex/biblatex/biblatex.sty
Package: biblatex 2020/12/31 v3.16 programmable bibliographies (PK/MW)
(/Users/joey/Library/TinyTeX/texmf-dist/tex/latex/logreq/logreq.sty
Package: logreq 2010/08/04 v1.0 xml request logger
\lrq@indent=\count347
(/Users/joey/Library/TinyTeX/texmf-dist/tex/latex/logreq/logreq.def
File: logreq.def 2010/08/04 v1.0 logreq spec v1.0
))
\c@tabx@nest=\count348
\c@listtotal=\count349
\c@listcount=\count350
\c@liststart=\count351
\c@liststop=\count352
\c@citecount=\count353
\c@citetotal=\count354
\c@multicitecount=\count355
\c@multicitetotal=\count356
\c@instcount=\count357
\c@maxnames=\count358
\c@minnames=\count359
\c@maxitems=\count360
\c@minitems=\count361
\c@citecounter=\count362
\c@maxcitecounter=\count363
\c@savedcitecounter=\count364
\c@uniquelist=\count365
\c@uniquename=\count366
\c@refsection=\count367
\c@refsegment=\count368
\c@maxextratitle=\count369
\c@maxextratitleyear=\count370
\c@maxextraname=\count371
\c@maxextradate=\count372
\c@maxextraalpha=\count373
\c@abbrvpenalty=\count374
\c@highnamepenalty=\count375
\c@lownamepenalty=\count376
\c@maxparens=\count377
\c@parenlevel=\count378
\blx@tempcnta=\count379
\blx@tempcntb=\count380
\blx@tempcntc=\count381
\blx@maxsection=\count382
\blx@maxsegment@0=\count383
\blx@notetype=\count384
\blx@parenlevel@text=\count385
\blx@parenlevel@foot=\count386
\blx@sectionciteorder@0=\count387
\blx@entrysetcounter=\count388
\blx@biblioinstance=\count389
\labelnumberwidth=\skip121
\labelalphawidth=\skip122
\biblabelsep=\skip123
\bibitemsep=\skip124
\bibnamesep=\skip125
\bibinitsep=\skip126
\bibparsep=\skip127
\bibhang=\skip128
\blx@bcfin=\read4
\blx@bcfout=\write4
\blx@langwohyphens=\language3
\c@mincomprange=\count390
\c@maxcomprange=\count391
\c@mincompwidth=\count392
Package biblatex Info: Trying to load biblatex default data model...
Package biblatex Info: ... file 'blx-dm.def' found.
(/Users/joey/Library/TinyTeX/texmf-dist/tex/latex/biblatex/blx-dm.def
File: blx-dm.def 2020/12/31 v3.16 biblatex localization (PK/MW)
)
Package biblatex Info: Trying to load biblatex style data model...
Package biblatex Info: ... file 'apa.dbx' found.
(/Users/joey/Library/TinyTeX/texmf-dist/tex/latex/biblatex-apa/apa.dbx
File: apa.dbx 2020/08/28 v9.14 APA biblatex style data model
)
Package biblatex Info: Trying to load biblatex custom data model...
Package biblatex Info: ... file 'biblatex-dm.cfg' not found.
\c@afterword=\count393
\c@savedafterword=\count394
\c@annotator=\count395
\c@savedannotator=\count396
\c@author=\count397
\c@savedauthor=\count398
\c@bookauthor=\count399
\c@savedbookauthor=\count400
\c@commentator=\count401
\c@savedcommentator=\count402
\c@editor=\count403
\c@savededitor=\count404
\c@editora=\count405
\c@savededitora=\count406
\c@editorb=\count407
\c@savededitorb=\count408
\c@editorc=\count409
\c@savededitorc=\count410
\c@foreword=\count411
\c@savedforeword=\count412
\c@holder=\count413
\c@savedholder=\count414
\c@introduction=\count415
\c@savedintroduction=\count416
\c@namea=\count417
\c@savednamea=\count418
\c@nameb=\count419
\c@savednameb=\count420
\c@namec=\count421
\c@savednamec=\count422
\c@translator=\count423
\c@savedtranslator=\count424
\c@shortauthor=\count425
\c@savedshortauthor=\count426
\c@shorteditor=\count427
\c@savedshorteditor=\count428
\c@groupauthor=\count429
\c@savedgroupauthor=\count430
\c@narrator=\count431
\c@savednarrator=\count432
\c@execproducer=\count433
\c@savedexecproducer=\count434
\c@execdirector=\count435
\c@savedexecdirector=\count436
\c@with=\count437
\c@savedwith=\count438
\c@labelname=\count439
\c@savedlabelname=\count440
\c@institution=\count441
\c@savedinstitution=\count442
\c@lista=\count443
\c@savedlista=\count444
\c@listb=\count445
\c@savedlistb=\count446
\c@listc=\count447
\c@savedlistc=\count448
\c@listd=\count449
\c@savedlistd=\count450
\c@liste=\count451
\c@savedliste=\count452
\c@listf=\count453
\c@savedlistf=\count454
\c@location=\count455
\c@savedlocation=\count456
\c@organization=\count457
\c@savedorganization=\count458
\c@origlocation=\count459
\c@savedoriglocation=\count460
\c@origpublisher=\count461
\c@savedorigpublisher=\count462
\c@publisher=\count463
\c@savedpublisher=\count464
\c@language=\count465
\c@savedlanguage=\count466
\c@origlanguage=\count467
\c@savedoriglanguage=\count468
\c@citation=\count469
\c@savedcitation=\count470
\c@pageref=\count471
\c@savedpageref=\count472
\shorthandwidth=\skip129
\shortjournalwidth=\skip130
\shortserieswidth=\skip131
\shorttitlewidth=\skip132
\shortauthorwidth=\skip133
\shorteditorwidth=\skip134
\locallabelnumberwidth=\skip135
\locallabelalphawidth=\skip136
\localshorthandwidth=\skip137
\localshortjournalwidth=\skip138
\localshortserieswidth=\skip139
\localshorttitlewidth=\skip140
\localshortauthorwidth=\skip141
\localshorteditorwidth=\skip142
Package biblatex Info: Trying to load compatibility code...
Package biblatex Info: ... file 'blx-compat.def' found.
(/Users/joey/Library/TinyTeX/texmf-dist/tex/latex/biblatex/blx-compat.def
File: blx-compat.def 2020/12/31 v3.16 biblatex compatibility (PK/MW)
)
Package biblatex Info: Trying to load generic definitions...
Package biblatex Info: ... file 'biblatex.def' found.
(/Users/joey/Library/TinyTeX/texmf-dist/tex/latex/biblatex/biblatex.def
File: biblatex.def 2020/12/31 v3.16 biblatex compatibility (PK/MW)
\c@textcitecount=\count473
\c@textcitetotal=\count474
\c@textcitemaxnames=\count475
\c@biburlbigbreakpenalty=\count476
\c@biburlbreakpenalty=\count477
\c@biburlnumpenalty=\count478
\c@biburlucpenalty=\count479
\c@biburllcpenalty=\count480
\biburlbigskip=\muskip18
\biburlnumskip=\muskip19
\biburlucskip=\muskip20
\biburllcskip=\muskip21
\c@smartand=\count481
)
Package biblatex Info: Trying to load bibliography style 'apa'...
Package biblatex Info: ... file 'apa.bbx' found.
(/Users/joey/Library/TinyTeX/texmf-dist/tex/latex/biblatex-apa/apa.bbx
File: apa.bbx 2020/08/28 v9.14 APA biblatex references style
Package biblatex Info: Trying to load bibliography style 'standard'...
Package biblatex Info: ... file 'standard.bbx' found.
(/Users/joey/Library/TinyTeX/texmf-dist/tex/latex/biblatex/bbx/standard.bbx
File: standard.bbx 2020/12/31 v3.16 biblatex bibliography style (PK/MW)
\c@bbx:relatedcount=\count482
\c@bbx:relatedtotal=\count483
))
Package biblatex Info: Trying to load citation style 'apa'...
Package biblatex Info: ... file 'apa.cbx' found.
(/Users/joey/Library/TinyTeX/texmf-dist/tex/latex/biblatex-apa/apa.cbx
File: apa.cbx 2020/08/28 v9.14 APA biblatex citation style
Package biblatex Info: Delimiter 'nameyeardelim' in context '' already defined,
 overwriting.
Package biblatex Info: Delimiter 'nameyeardelim' in context 'textcite' already 
defined, overwriting.
Package biblatex Info: Delimiter 'andothersdelim' in context '' already defined
, overwriting.
Package biblatex Info: Redefining '\fullcite'.
Package biblatex Info: Redefining '\citeauthor'.
Package biblatex Info: Redefining '\citeyear'.
Package biblatex Info: Redefining '\cite'.
Package biblatex Info: Redefining '\cites'.
Package biblatex Info: Redefining '\parencite'.
Package biblatex Info: Redefining '\parencites'.
Package biblatex Info: Redefining '\footcite'.
Package biblatex Info: Redefining '\footcites'.
Package biblatex Info: Redefining '\footcitetext'.
Package biblatex Info: Redefining '\footcitetexts'.
Package biblatex Info: Redefining '\smartcite'.
Package biblatex Info: Redefining '\smartcites'.
Package biblatex Info: Redefining '\textcite'.
Package biblatex Info: Redefining '\textcites'.
)
Package biblatex Info: Trying to load configuration file...
Package biblatex Info: ... file 'biblatex.cfg' found.
(/Users/joey/Library/TinyTeX/texmf-dist/tex/latex/biblatex/biblatex.cfg
File: biblatex.cfg 
))
(/Users/joey/Library/TinyTeX/texmf-dist/tex/latex/algorithmicx/algpseudocode.st
y
Package: algpseudocode 

(/Users/joey/Library/TinyTeX/texmf-dist/tex/latex/algorithmicx/algorithmicx.sty
Package: algorithmicx 2005/04/27 v1.2 Algorithmicx
Document Style algorithmicx 1.2 - a greatly improved `algorithmic' style
\c@ALG@line=\count484
\c@ALG@rem=\count485
\c@ALG@nested=\count486
\ALG@tlm=\skip143
\ALG@thistlm=\skip144
\c@ALG@Lnr=\count487
\c@ALG@blocknr=\count488
\c@ALG@storecount=\count489
\c@ALG@tmpcounter=\count490
\ALG@tmplength=\skip145
)
Document Style - pseudocode environments for use with the `algorithmicx' style
)
\c@algorithm=\count491
\c@widefigure=\count492
(/Users/joey/Library/TinyTeX/texmf-dist/tex/latex/fancyvrb/fancyvrb.sty
Package: fancyvrb 2021/01/20 v3.7 verbatim text (tvz,hv)
\FV@CodeLineNo=\count493
\FV@InFile=\read5
\FV@TabBox=\box124
\c@FancyVerbLine=\count494
\FV@StepNumber=\count495
\FV@OutFile=\write5
)
\overhang=\skip146
(/Users/joey/Library/TinyTeX/texmf-dist/tex/latex/preprint/authblk.sty
Package: authblk 2001/02/27 1.3 (PWD)
\affilsep=\skip147
\@affilsep=\skip148
\c@Maxaffil=\count496
\c@authors=\count497
\c@affil=\count498
)
(/Users/joey/Library/TinyTeX/texmf-dist/tex/latex/koma-script/scrlayer-scrpage.
sty
Package: scrlayer-scrpage 2021/03/17 v3.33 KOMA-Script package (end user interf
ace for scrlayer)
(/Users/joey/Library/TinyTeX/texmf-dist/tex/latex/koma-script/scrlayer.sty
Package: scrlayer 2021/03/17 v3.33 KOMA-Script package (defining layers and pag
e styles)
Package scrlayer Info: Using already defined \footheight
(scrlayer)             hoping, that this is a length and
(scrlayer)             not only a macro on input line 136.
Package scrlayer Info: patching LaTeX kernel macro \pagestyle on input line 216
2.
)
Package scrlayer-scrpage Info: Makeing stand-alone element `pagehead' from
(scrlayer-scrpage)             alias to `pageheadfoot' on input line 1085.
Package scrlayer-scrpage Info: deactivating warning for font element
(scrlayer-scrpage)             `pagefoot' on input line 1109.
)
Package scrlayer-scrpage Info: auto-selection of `pagestyleset=KOMA-Script'.
1: subsection
1: section
1: section
1: subsection
1: subsection
1: section
1: section
1: subsection
\c@snmark=\count499
\@quotelevel=\count500
\@quotereset=\count501
LaTeX Font Info:    Trying to load font information for T1+LinuxLibertineT-OsF 
on input line 397.

(/Users/joey/Library/TinyTeX/texmf-dist/tex/latex/libertine/T1LinuxLibertineT-O
sF.fd
File: T1LinuxLibertineT-OsF.fd 2017/03/20 (autoinst) Font definitions for T1/Li
nuxLibertineT-OsF.
)
LaTeX Font Info:    Font shape `T1/LinuxLibertineT-OsF/m/n' will be
(Font)              scaled to size 10.95pt on input line 397.
No file skeleton.aux.
\openout1 = `skeleton.aux'.

LaTeX Font Info:    Checking defaults for OML/nxlmi/m/it on input line 397.
LaTeX Font Info:    Trying to load font information for OML+nxlmi on input line
 397.
(/Users/joey/Library/TinyTeX/texmf-dist/tex/latex/newtx/omlnxlmi.fd
File: omlnxlmi.fd 2013/11/19 Fontinst v1.933 font definitions for OML/nxlmi.
)
LaTeX Font Info:    ... okay on input line 397.
LaTeX Font Info:    Checking defaults for OMS/cmsy/m/n on input line 397.
LaTeX Font Info:    ... okay on input line 397.
LaTeX Font Info:    Checking defaults for OT1/cmr/m/n on input line 397.
LaTeX Font Info:    ... okay on input line 397.
LaTeX Font Info:    Checking defaults for T1/cmr/m/n on input line 397.
LaTeX Font Info:    ... okay on input line 397.
LaTeX Font Info:    Checking defaults for TS1/cmr/m/n on input line 397.
LaTeX Font Info:    ... okay on input line 397.
LaTeX Font Info:    Checking defaults for OMX/cmex/m/n on input line 397.
LaTeX Font Info:    ... okay on input line 397.
LaTeX Font Info:    Checking defaults for U/ntxexa/m/n on input line 397.
LaTeX Font Info:    Trying to load font information for U+ntxexa on input line 
397.
(/Users/joey/Library/TinyTeX/texmf-dist/tex/latex/newtx/untxexa.fd
File: untxexa.fd 2012/04/16 Fontinst v1.933 font definitions for U/ntxexa.
)
LaTeX Font Info:    ... okay on input line 397.
LaTeX Font Info:    Checking defaults for LMS/ntxsy/m/n on input line 397.
LaTeX Font Info:    Trying to load font information for LMS+ntxsy on input line
 397.
(/Users/joey/Library/TinyTeX/texmf-dist/tex/latex/newtx/lmsntxsy.fd
File: lmsntxsy.fd 2016/07/02 Fontinst v1.933 font definitions for LMS/ntxsy.
)
LaTeX Font Info:    ... okay on input line 397.
LaTeX Font Info:    Checking defaults for LMX/ntxexx/m/n on input line 397.
LaTeX Font Info:    Trying to load font information for LMX+ntxexx on input lin
e 397.
(/Users/joey/Library/TinyTeX/texmf-dist/tex/latex/newtx/lmxntxexx.fd
File: lmxntxexx.fd 2016/07/03 Fontinst v1.933 font definitions for LMX/ntxexx.
)
LaTeX Font Info:    ... okay on input line 397.
LaTeX Font Info:    Checking defaults for PD1/pdf/m/n on input line 397.
LaTeX Font Info:    ... okay on input line 397.
LaTeX Font Info:    Checking defaults for PU/pdf/m/n on input line 397.
LaTeX Font Info:    ... okay on input line 397.
Package scrbase Info: activating english \contentsname on input line 397.
Package scrbase Info: activating english \listfigurename on input line 397.
Package scrbase Info: activating english \listtablename on input line 397.
Package caption Info: Begin \AtBeginDocument code.
Package caption Info: float package is loaded.
Package caption Info: floatrow package is loaded.
Package caption Info: hyperref package is loaded.
Package caption Info: longtable package is loaded.
(/Users/joey/Library/TinyTeX/texmf-dist/tex/latex/caption/ltcaption.sty
Package: ltcaption 2020/05/30 v1.4b longtable captions (AR)
)
Package caption Info: Fixing longtable code of `floatrow' package.
Package caption Info: threeparttable package is loaded.
Package caption Info: wrapfig package is loaded.
Package caption Info: End \AtBeginDocument code.
Package ragged2e Info: ABD: executing \RaggedRight on input line 397.
ABD: EverySelectfont initializing macros
LaTeX Info: Redefining \selectfont on input line 397.
(/Users/joey/Library/TinyTeX/texmf-dist/tex/latex/floatrow/fr-longtable.sty
Package: fr-longtable 2007/11/28 v0.1b (beta) floatrow: additions for longtable

\flrow@LT@lasthead=\box125
\flrow@LT@prelastfoot=\box126
\c@FBLTpage=\count502
)
\c@mv@tabular=\count503
\c@mv@boldtabular=\count504
LaTeX Info: Redefining \microtypecontext on input line 397.
Package microtype Info: Generating PDF output.
Package microtype Info: Character protrusion enabled (level 2).
Package microtype Info: Using protrusion set `basicmath'.
Package microtype Info: Automatic font expansion enabled (level 2),
(microtype)             stretch: 20, shrink: 20, step: 1, non-selected.
Package microtype Info: Using default expansion set `alltext-nott'.
LaTeX Info: Redefining \showhyphens on input line 397.
Package microtype Info: No adjustment of tracking.
Package microtype Info: No adjustment of interword spacing.
Package microtype Info: No adjustment of character kerning.
Package microtype Info: Loading generic protrusion settings for font family
(microtype)             `LinuxLibertineT-OsF' (encoding: T1).
(microtype)             For optimal results, create family-specific settings.
(microtype)             See the microtype manual for details.
Couldn't patch \deferred@thm@head!

(/Users/joey/Library/TinyTeX/texmf-dist/tex/latex/epstopdf-pkg/epstopdf-base.st
y
Package: epstopdf-base 2020-01-24 v2.11 Base part for package epstopdf
Package epstopdf-base Info: Redefining graphics rule for `.eps' on input line 4
85.
(/Users/joey/Library/TinyTeX/texmf-dist/tex/latex/latexconfig/epstopdf-sys.cfg
File: epstopdf-sys.cfg 2010/07/13 v1.3 Configuration of (r)epstopdf for TeX Liv
e
))
Package hyperref Info: Link coloring ON on input line 397.
(/Users/joey/Library/TinyTeX/texmf-dist/tex/latex/hyperref/nameref.sty
Package: nameref 2021-04-02 v2.47 Cross-referencing by name of section
(/Users/joey/Library/TinyTeX/texmf-dist/tex/latex/refcount/refcount.sty
Package: refcount 2019/12/15 v3.6 Data extraction from label references (HO)
)
(/Users/joey/Library/TinyTeX/texmf-dist/tex/generic/gettitlestring/gettitlestri
ng.sty
Package: gettitlestring 2019/12/15 v1.6 Cleanup title references (HO)
)
\c@section@level=\count505
)
LaTeX Info: Redefining \ref on input line 397.
LaTeX Info: Redefining \pageref on input line 397.
LaTeX Info: Redefining \nameref on input line 397.
\@outlinefile=\write6
\openout6 = `skeleton.out'.

Class scrartcl Info: loading recommended package `bookmark'.
(scrartcl)           Using `bookmark' together with `hyperref' is recommended,
(scrartcl)           because of handling of possible bookmark level gaps.
(scrartcl)           You can avoid loading `bookmark' with KOMA-Script option
(scrartcl)           `bookmarkpackage=false' before \begin{document} and
(scrartcl)           you can avoid this message adding:
(scrartcl)             \usepackage{bookmark}
(scrartcl)           before \begin{document} on input line 397.
(/Users/joey/Library/TinyTeX/texmf-dist/tex/latex/bookmark/bookmark.sty
Package: bookmark 2020-11-06 v1.29 PDF bookmarks (HO)
(/Users/joey/Library/TinyTeX/texmf-dist/tex/latex/bookmark/bkm-pdftex.def
File: bkm-pdftex.def 2020-11-06 v1.29 bookmark driver for pdfTeX (HO)
\BKM@id=\count506
))
*geometry* driver: auto-detecting
*geometry* detected driver: pdftex
*geometry* verbose mode - [ preamble ] result:
* driver: pdftex
* paper: a4paper
* layout: <same size as paper>
* layoutoffset:(h,v)=(0.0pt,0.0pt)
* modes: 
* h-part:(L,W,R)=(65.44133pt, 304.44447pt, 227.62207pt)
* v-part:(T,H,B)=(77.96053pt, 689.1258pt, 77.96053pt)
* \paperwidth=597.50787pt
* \paperheight=845.04684pt
* \textwidth=304.44447pt
* \textheight=689.1258pt
* \oddsidemargin=-6.82866pt
* \evensidemargin=-6.82866pt
* \topmargin=-31.70947pt
* \headheight=17.0pt
* \headsep=20.40001pt
* \topskip=11.0pt
* \footskip=47.6pt
* \marginparwidth=139.4185pt
* \marginparsep=22.76219pt
* \columnsep=10.0pt
* \skip\footins=10.0pt plus 4.0pt minus 2.0pt
* \hoffset=0.0pt
* \voffset=0.0pt
* \mag=1000
* \@twocolumnfalse
* \@twosidefalse
* \@mparswitchfalse
* \@reversemarginfalse
* (1in=72.27pt=25.4mm, 1cm=28.453pt)

Package biblatex Info: Trying to load language 'english' -> 'english-apa'...
Package biblatex Info: ... file 'english-apa.lbx' found.
(/Users/joey/Library/TinyTeX/texmf-dist/tex/latex/biblatex-apa/english-apa.lbx
File: english-apa.lbx 2020/08/28 v9.14 APA biblatex localisation
Package biblatex Info: Trying to load language 'english'...
Package biblatex Info: ... file 'english.lbx' found.
(/Users/joey/Library/TinyTeX/texmf-dist/tex/latex/biblatex/lbx/english.lbx
File: english.lbx 2020/12/31 v3.16 biblatex localization (PK/MW)
)
Package biblatex Info: Trying to load language 'american' -> 'american-apa'...
Package biblatex Info: ... file 'american-apa.lbx' found.

(/Users/joey/Library/TinyTeX/texmf-dist/tex/latex/biblatex-apa/american-apa.lbx
File: american-apa.lbx 2020/08/28 v9.14 APA biblatex localisation
Package biblatex Info: Trying to load language 'american'...
Package biblatex Info: ... file 'american.lbx' found.
(/Users/joey/Library/TinyTeX/texmf-dist/tex/latex/biblatex/lbx/american.lbx
File: american.lbx 2020/12/31 v3.16 biblatex localization (PK/MW)
Package biblatex Info: Trying to load language 'english'...
Package biblatex Info: ... file 'english.lbx' found.
(/Users/joey/Library/TinyTeX/texmf-dist/tex/latex/biblatex/lbx/english.lbx
File: english.lbx 2020/12/31 v3.16 biblatex localization (PK/MW)
))))
Package biblatex Info: Input encoding 'utf8' detected.
Package biblatex Info: Automatic encoding selection.
(biblatex)             Assuming data encoding 'utf8'.
Package biblatex Info: Document encoding is UTF8 ....
Package biblatex Info: ... and expl3
(biblatex)             2021-02-18 L3 programming layer (loader) 
(biblatex)             is new enough (at least 2020/04/06),
(biblatex)             setting 'casechanger=expl3'.
(/Users/joey/Library/TinyTeX/texmf-dist/tex/latex/biblatex/blx-case-expl3.sty
Package: blx-case-expl3 2020/12/31 v3.16 expl3 case changing code for biblatex
)
\openout4 = `skeleton.bcf'.

Package biblatex Info: Trying to load bibliographic data...
Package biblatex Info: ... file 'skeleton.bbl' not found.
No file skeleton.bbl.
Package biblatex Info: Reference section=0 on input line 397.
Package biblatex Info: Reference segment=0 on input line 397.

LaTeX Warning: File `logo.png' not found on input line 398.


! Package pdftex.def Error: File `logo.png' not found: using draft setting.

See the pdftex.def package documentation for explanation.
Type  H <return>  for immediate help.
 ...                                              
                                                  
l.398 \maketitle
                 
Here is how much of TeX's memory you used:
 35391 strings out of 480954
 656094 string characters out of 5906793
 1636831 words of memory out of 5000000
 52095 multiletter control sequences out of 15000+600000
 409791 words of font info for 33 fonts, out of 8000000 for 9000
 14 hyphenation exceptions out of 8191
 111i,1n,116p,10603b,4952s stack positions out of 5000i,500n,10000p,200000b,80000s

!  ==> Fatal error occurred, no output PDF file produced!
